<?xml version='1.0' encoding='UTF-8'?>
<testsuite hostname="sumits-MacBook-Pro.local" name="com.rockthejvm.reviewboard.http.controllers.CompanyControllerSpec" tests="3" errors="0" failures="0" skipped="0" time="2.676" timestamp="2024-08-03T15:32:02">
          <properties>
      <property name="java.specification.version" value="17"/><property name="sun.jnu.encoding" value="UTF-8"/><property name="sun.arch.data.model" value="64"/><property name="java.vendor.url" value="https://adoptium.net/"/><property name="sun.boot.library.path" value="/Users/sumitarora/.sdkman/candidates/java/17.0.8-tem/lib"/><property name="sun.java.command" value="/usr/local/Cellar/sbt/1.0.0/libexec/bin/sbt-launch.jar"/><property name="jdk.debug" value="release"/><property name="sun.stderr.encoding" value="UTF-8"/><property name="java.specification.vendor" value="Oracle Corporation"/><property name="java.version.date" value="2023-07-18"/><property name="java.home" value="/Users/sumitarora/.sdkman/candidates/java/17.0.8-tem"/><property name="file.separator" value="/"/><property name="java.vm.compressedOopsMode" value="Zero based"/><property name="line.separator" value="
"/><property name="sun.stdout.encoding" value="UTF-8"/><property name="java.vm.specification.vendor" value="Oracle Corporation"/><property name="java.specification.name" value="Java Platform API Specification"/><property name="sun.management.compiler" value="HotSpot 64-Bit Tiered Compilers"/><property name="java.runtime.version" value="17.0.8+7"/><property name="user.name" value="sumitarora"/><property name="log4j.ignoreTCL" value="true"/><property name="file.encoding" value="UTF-8"/><property name="jnidispatch.path" value="/Users/sumitarora/Library/Caches/JNA/temp/jna1545984409951564675.tmp"/><property name="java.vendor.version" value="Temurin-17.0.8+7"/><property name="jna.loaded" value="true"/><property name="java.io.tmpdir" value="/var/folders/5w/bq1mlhq901l000kjjq49pp2r0000gn/T/"/><property name="java.version" value="17.0.8"/><property name="java.vm.specification.name" value="Java Virtual Machine Specification"/><property name="native.encoding" value="UTF-8"/><property name="java.library.path" value="/Users/sumitarora/Library/Java/Extensions:/Library/Java/Extensions:/Network/Library/Java/Extensions:/System/Library/Java/Extensions:/usr/lib/java:."/><property name="java.vendor" value="Eclipse Adoptium"/><property name="sun.io.unicode.encoding" value="UnicodeBig"/><property name="socksNonProxyHosts" value="freedom.to|*.freedom.to|local|*.local|freedom.to|*.freedom.to|169.254/16|*.169.254/16|localhost|*.localhost|127.0.0.1"/><property name="java.class.path" value="/usr/local/Cellar/sbt/1.0.0/libexec/bin/sbt-launch.jar"/><property name="java.vm.vendor" value="Eclipse Adoptium"/><property name="jline.shutdownhook" value="false"/><property name="user.timezone" value="Asia/Singapore"/><property name="java.vm.specification.version" value="17"/><property name="os.name" value="Mac OS X"/><property name="sun.java.launcher" value="SUN_STANDARD"/><property name="user.country" value="SG"/><property name="http.nonProxyHosts" value="freedom.to|*.freedom.to|local|*.local|freedom.to|*.freedom.to|169.254/16|*.169.254/16|localhost|*.localhost|127.0.0.1"/><property name="sun.cpu.endian" value="little"/><property name="user.home" value="/Users/sumitarora"/><property name="user.language" value="en"/><property name="sbt.ipcsocket.tmpdir" value="/var/folders/5w/bq1mlhq901l000kjjq49pp2r0000gn/T/.sbteb919dd7/ipcsocket"/><property name="swoval.tmpdir" value="/var/folders/5w/bq1mlhq901l000kjjq49pp2r0000gn/T/.sbteb919dd7/swoval"/><property name="jline.esc.timeout" value="0"/><property name="ftp.nonProxyHosts" value="freedom.to|*.freedom.to|local|*.local|freedom.to|*.freedom.to|169.254/16|*.169.254/16|localhost|*.localhost|127.0.0.1"/><property name="path.separator" value=":"/><property name="os.version" value="10.15.7"/><property name="jna.nosys" value="true"/><property name="java.runtime.name" value="OpenJDK Runtime Environment"/><property name="java.vm.name" value="OpenJDK 64-Bit Server VM"/><property name="jna.platform.library.path" value="/usr/lib:/usr/lib"/><property name="java.vendor.url.bug" value="https://github.com/adoptium/adoptium-support/issues"/><property name="user.dir" value="/Users/sumitarora/Desktop/zio-rite-of-passage"/><property name="os.arch" value="x86_64"/><property name="java.vm.info" value="mixed mode, sharing"/><property name="java.vm.version" value="17.0.8+7"/><property name="java.class.version" value="61.0"/>
    </properties>
          <testcase classname="com.rockthejvm.reviewboard.http.controllers.CompanyControllerSpec" name="Company Controller Test - post company" time="0.891">
                      
                    </testcase><testcase classname="com.rockthejvm.reviewboard.http.controllers.CompanyControllerSpec" name="Company Controller Test - get by id" time="0.893">
                      
                    </testcase><testcase classname="com.rockthejvm.reviewboard.http.controllers.CompanyControllerSpec" name="Company Controller Test - get All" time="0.892">
                      
                    </testcase>
          <system-out><![CDATA[]]></system-out>
          <system-err><![CDATA[]]></system-err>
        </testsuite>